25-02-09 13:15:03.619 [cluster-ClusterId{value='67a8636a64f4e561234f5ba4', description='Cluster0'}-cluster0-shard-00-01.1xuxr.mongodb.net:27017] INFO  org.mongodb.driver.cluster - Exception in monitor thread while connecting to server cluster0-shard-00-01.1xuxr.mongodb.net:27017
com.mongodb.MongoSocketException: No such host is known (cluster0-shard-00-01.1xuxr.mongodb.net)
	at com.mongodb.internal.connection.ServerAddressHelper.getSocketAddresses(ServerAddressHelper.java:75)
	at com.mongodb.internal.connection.SocketStream.initializeSocket(SocketStream.java:101)
	at com.mongodb.internal.connection.SocketStream.open(SocketStream.java:80)
	at com.mongodb.internal.connection.InternalStreamConnection.open(InternalStreamConnection.java:201)
	at com.mongodb.internal.connection.DefaultServerMonitor$ServerMonitorRunnable.lookupServerDescription(DefaultServerMonitor.java:193)
	at com.mongodb.internal.connection.DefaultServerMonitor$ServerMonitorRunnable.run(DefaultServerMonitor.java:153)
	at java.base/java.lang.Thread.run(Thread.java:1623)
Caused by: java.net.UnknownHostException: No such host is known (cluster0-shard-00-01.1xuxr.mongodb.net)
	at java.base/java.net.Inet6AddressImpl.lookupAllHostAddr(Native Method)
	at java.base/java.net.Inet6AddressImpl.lookupAllHostAddr(Inet6AddressImpl.java:52)
	at java.base/java.net.InetAddress$PlatformResolver.lookupByName(InetAddress.java:1061)
	at java.base/java.net.InetAddress.getAddressesFromNameService(InetAddress.java:1683)
	at java.base/java.net.InetAddress$NameServiceAddresses.get(InetAddress.java:1004)
	at java.base/java.net.InetAddress.getAllByName0(InetAddress.java:1673)
	at java.base/java.net.InetAddress.getAllByName(InetAddress.java:1533)
	at com.mongodb.internal.connection.DefaultInetAddressResolver.lookupByName(DefaultInetAddressResolver.java:34)
	at com.mongodb.internal.connection.ServerAddressHelper.getSocketAddresses(ServerAddressHelper.java:71)
	... 6 common frames omitted
25-02-09 13:15:03.583 [cluster-ClusterId{value='67a8636a64f4e561234f5ba4', description='Cluster0'}-cluster0-shard-00-02.1xuxr.mongodb.net:27017] INFO  org.mongodb.driver.cluster - Exception in monitor thread while connecting to server cluster0-shard-00-02.1xuxr.mongodb.net:27017
com.mongodb.MongoSocketException: No such host is known (cluster0-shard-00-02.1xuxr.mongodb.net)
	at com.mongodb.internal.connection.ServerAddressHelper.getSocketAddresses(ServerAddressHelper.java:75)
	at com.mongodb.internal.connection.SocketStream.initializeSocket(SocketStream.java:101)
	at com.mongodb.internal.connection.SocketStream.open(SocketStream.java:80)
	at com.mongodb.internal.connection.InternalStreamConnection.open(InternalStreamConnection.java:201)
	at com.mongodb.internal.connection.DefaultServerMonitor$ServerMonitorRunnable.lookupServerDescription(DefaultServerMonitor.java:193)
	at com.mongodb.internal.connection.DefaultServerMonitor$ServerMonitorRunnable.run(DefaultServerMonitor.java:153)
	at java.base/java.lang.Thread.run(Thread.java:1623)
Caused by: java.net.UnknownHostException: No such host is known (cluster0-shard-00-02.1xuxr.mongodb.net)
	at java.base/java.net.Inet6AddressImpl.lookupAllHostAddr(Native Method)
	at java.base/java.net.Inet6AddressImpl.lookupAllHostAddr(Inet6AddressImpl.java:52)
	at java.base/java.net.InetAddress$PlatformResolver.lookupByName(InetAddress.java:1061)
	at java.base/java.net.InetAddress.getAddressesFromNameService(InetAddress.java:1683)
	at java.base/java.net.InetAddress$NameServiceAddresses.get(InetAddress.java:1004)
	at java.base/java.net.InetAddress.getAllByName0(InetAddress.java:1673)
	at java.base/java.net.InetAddress.getAllByName(InetAddress.java:1533)
	at com.mongodb.internal.connection.DefaultInetAddressResolver.lookupByName(DefaultInetAddressResolver.java:34)
	at com.mongodb.internal.connection.ServerAddressHelper.getSocketAddresses(ServerAddressHelper.java:71)
	... 6 common frames omitted
25-02-09 13:15:03.637 [cluster-ClusterId{value='67a8636a64f4e561234f5ba4', description='Cluster0'}-cluster0-shard-00-00.1xuxr.mongodb.net:27017] INFO  org.mongodb.driver.cluster - Exception in monitor thread while connecting to server cluster0-shard-00-00.1xuxr.mongodb.net:27017
com.mongodb.MongoSocketException: No such host is known (cluster0-shard-00-00.1xuxr.mongodb.net)
	at com.mongodb.internal.connection.ServerAddressHelper.getSocketAddresses(ServerAddressHelper.java:75)
	at com.mongodb.internal.connection.SocketStream.initializeSocket(SocketStream.java:101)
	at com.mongodb.internal.connection.SocketStream.open(SocketStream.java:80)
	at com.mongodb.internal.connection.InternalStreamConnection.open(InternalStreamConnection.java:201)
	at com.mongodb.internal.connection.DefaultServerMonitor$ServerMonitorRunnable.lookupServerDescription(DefaultServerMonitor.java:193)
	at com.mongodb.internal.connection.DefaultServerMonitor$ServerMonitorRunnable.run(DefaultServerMonitor.java:153)
	at java.base/java.lang.Thread.run(Thread.java:1623)
Caused by: java.net.UnknownHostException: No such host is known (cluster0-shard-00-00.1xuxr.mongodb.net)
	at java.base/java.net.Inet6AddressImpl.lookupAllHostAddr(Native Method)
	at java.base/java.net.Inet6AddressImpl.lookupAllHostAddr(Inet6AddressImpl.java:52)
	at java.base/java.net.InetAddress$PlatformResolver.lookupByName(InetAddress.java:1061)
	at java.base/java.net.InetAddress.getAddressesFromNameService(InetAddress.java:1683)
	at java.base/java.net.InetAddress$NameServiceAddresses.get(InetAddress.java:1004)
	at java.base/java.net.InetAddress.getAllByName0(InetAddress.java:1673)
	at java.base/java.net.InetAddress.getAllByName(InetAddress.java:1533)
	at com.mongodb.internal.connection.DefaultInetAddressResolver.lookupByName(DefaultInetAddressResolver.java:34)
	at com.mongodb.internal.connection.ServerAddressHelper.getSocketAddresses(ServerAddressHelper.java:71)
	... 6 common frames omitted
